\BOOKMARK [0][]{Titlepage.0}{Titlepage}{}% 1
\BOOKMARK [0][]{chapter.1}{1 Introduction}{}% 2
\BOOKMARK [1][-]{section.1.1}{1.1 Drosophila as a model organism}{chapter.1}% 3
\BOOKMARK [1][-]{section.1.2}{1.2 Tools for functional dissection of Drosophila neural circuits}{chapter.1}% 4
\BOOKMARK [2][-]{subsection.1.2.1}{1.2.1 GAL4-UAS / LexA-lexAop}{section.1.2}% 5
\BOOKMARK [2][-]{subsection.1.2.2}{1.2.2 Calcium Indicator : GCaMP for recording changes in intracellular calcium}{section.1.2}% 6
\BOOKMARK [2][-]{subsection.1.2.3}{1.2.3 Voltage Indicator : Arclight for recording changes in neuronal membrane potential}{section.1.2}% 7
\BOOKMARK [2][-]{subsection.1.2.4}{1.2.4 Suppressor : shibirets, GtACR for silencing neuron}{section.1.2}% 8
\BOOKMARK [2][-]{subsection.1.2.5}{1.2.5 Activator : ReaChr for activating neuron}{section.1.2}% 9
\BOOKMARK [1][-]{section.1.3}{1.3 Neural communication}{chapter.1}% 10
\BOOKMARK [2][-]{subsection.1.3.1}{1.3.1 Electrical synapses}{section.1.3}% 11
\BOOKMARK [2][-]{subsection.1.3.2}{1.3.2 Chemical synapses}{section.1.3}% 12
\BOOKMARK [2][-]{subsection.1.3.3}{1.3.3 Voltage-gated ion channels}{section.1.3}% 13
\BOOKMARK [1][-]{section.1.4}{1.4 Fly motion vision system}{chapter.1}% 14
\BOOKMARK [2][-]{subsection.1.4.1}{1.4.1 Parallel ON \046 OFF processing pathways}{section.1.4}% 15
\BOOKMARK [2][-]{subsection.1.4.2}{1.4.2 T4 \046 T5 cells}{section.1.4}% 16
\BOOKMARK [1][-]{section.1.5}{1.5 Neural circuit underlying direction selectivity}{chapter.1}% 17
\BOOKMARK [1][-]{section.1.6}{1.6 Neural algorithm underlying direction selectivity}{chapter.1}% 18
\BOOKMARK [0][]{chapter.2}{2 Publications}{}% 19
\BOOKMARK [1][-]{section.2.1}{2.1 A common directional tuning mechanism of Drosophila motion-sensing neurons in the ON and in the OFF pathway}{chapter.2}% 20
\BOOKMARK [0][]{section.2.1}{Bibliography}{}% 21
